<?xml version="1.0" encoding="UTF-8"?>
<!-- Generated by org.testng.reporters.JUnitReportReporter -->
<testsuite hostname="DESKTOP-UN0E1PN" name="org.testing.TestScripts.TC7" tests="1" failures="0" timestamp="19 Jun 2021 15:29:01 GMT" time="129.050" errors="0">
  <testcase name="test" time="129.050" classname="org.testing.TestScripts.TC7"/>
</testsuite> <!-- org.testing.TestScripts.TC7 -->
