<?xml version="1.0" encoding="UTF-8"?>
<!-- Generated by org.testng.reporters.JUnitReportReporter -->
<testsuite hostname="DESKTOP-UN0E1PN" name="org.testing.TestScripts.TC4" tests="1" failures="0" timestamp="12 Jun 2021 13:23:16 GMT" time="111.325" errors="0">
  <testcase name="test" time="111.325" classname="org.testing.TestScripts.TC4"/>
</testsuite> <!-- org.testing.TestScripts.TC4 -->
