<?xml version="1.0" encoding="UTF-8"?>
<!-- Generated by org.testng.reporters.JUnitReportReporter -->
<testsuite hostname="DESKTOP-UN0E1PN" name="org.testing.TestScripts.TC4" tests="1" failures="0" timestamp="25 Jun 2021 10:44:33 GMT" time="38.702" errors="0">
  <testcase name="test" time="38.702" classname="org.testing.TestScripts.TC4"/>
</testsuite> <!-- org.testing.TestScripts.TC4 -->
