<?xml version="1.0" encoding="UTF-8"?>
<!-- Generated by org.testng.reporters.JUnitReportReporter -->
<testsuite hostname="DESKTOP-UN0E1PN" name="org.testing.TestScripts.TC1" tests="1" failures="0" timestamp="12 Jun 2021 13:23:16 GMT" time="40.386" errors="0">
  <testcase name="test" time="40.386" classname="org.testing.TestScripts.TC1"/>
</testsuite> <!-- org.testing.TestScripts.TC1 -->
