<?xml version="1.0" encoding="UTF-8"?>
<!-- Generated by org.testng.reporters.JUnitReportReporter -->
<testsuite hostname="DESKTOP-UN0E1PN" name="org.testing.TestScripts.TC1" tests="1" failures="0" timestamp="25 Jun 2021 06:20:15 GMT" time="66.911" errors="0">
  <testcase name="test" time="66.911" classname="org.testing.TestScripts.TC1"/>
</testsuite> <!-- org.testing.TestScripts.TC1 -->
