<?xml version="1.0" encoding="UTF-8"?>
<!-- Generated by org.testng.reporters.JUnitReportReporter -->
<testsuite hostname="DESKTOP-UN0E1PN" name="org.testing.TestScripts.TC6" tests="1" failures="0" timestamp="12 Jun 2021 13:23:16 GMT" time="45.824" errors="0">
  <testcase name="test" time="45.824" classname="org.testing.TestScripts.TC6"/>
</testsuite> <!-- org.testing.TestScripts.TC6 -->
